<?xml version="1.0" encoding="UTF-8"?>
<!-- Generated by org.testng.reporters.JUnitReportReporter -->
<testsuite hostname="ArchPrime" failures="0" tests="1" name="qa.tests.LandingPage" time="13.613" errors="0" timestamp="27 Jul 2020 10:18:17 GMT">
  <testcase classname="qa.tests.LandingPage" name="testTitle" time="13.613"/>
</testsuite> <!-- qa.tests.LandingPage -->
