<?xml version="1.0" encoding="UTF-8"?>
<!-- Generated by org.testng.reporters.JUnitReportReporter -->
<testsuite hostname="ArchPrime" failures="0" tests="1" name="qa.tests.LandingPage" time="42.341" errors="0" timestamp="22 Jul 2020 16:56:54 GMT">
  <testcase classname="qa.tests.LandingPage" name="testTitle" time="42.341"/>
</testsuite> <!-- qa.tests.LandingPage -->
