<?xml version="1.0" encoding="UTF-8"?>
<!-- Generated by org.testng.reporters.JUnitReportReporter -->
<testsuite hostname="ArchPrime" failures="0" tests="2" name="qa.tests.LandingPageTest" time="0.480" errors="0" timestamp="28 Jul 2020 10:18:38 GMT">
  <testcase classname="qa.tests.LandingPageTest" name="testTitle" time="0.015"/>
  <testcase classname="qa.tests.LandingPageTest" name="getIndiaSuggestion" time="0.465"/>
</testsuite> <!-- qa.tests.LandingPageTest -->
